<?xml version="1.0" encoding="UTF-8"?>
<!-- Generated by org.testng.reporters.JUnitReportReporter -->
<testsuite hostname="DESKTOP-N1728FJ" failures="0" tests="1" name="test.AddCustomerTest" time="30.489" errors="0" timestamp="2024-06-24T08:21:08 EDT" skipped="0">
  <testcase classname="test.AddCustomerTest" name="userShouldBeAbleToCreateNewCustomer" time="30.489"/>
  <system-out/>
</testsuite> <!-- test.AddCustomerTest -->
