<?xml version="1.0" encoding="UTF-8"?>
<!-- Generated by org.testng.reporters.JUnitReportReporter -->
<testsuite hostname="DESKTOP-N1728FJ" failures="0" tests="1" name="test.AddCustomerTest" time="45.322" errors="0" timestamp="2024-06-28T07:50:40 EDT" skipped="0">
  <testcase classname="test.AddCustomerTest" name="userShouldBeAbleToCreateNewCustomer" time="45.322"/>
  <system-out/>
</testsuite> <!-- test.AddCustomerTest -->
