<?xml version="1.0" encoding="UTF-8"?>
<!-- Generated by org.testng.reporters.JUnitReportReporter -->
<testsuite hostname="DESKTOP-N1728FJ" failures="0" tests="1" name="test.LoginTest" time="13.994" errors="0" timestamp="2024-06-27T15:31:02 EDT" skipped="0">
  <testcase classname="test.LoginTest" name="validUserShouldBeAbleToLogin" time="13.994"/>
  <system-out/>
</testsuite> <!-- test.LoginTest -->
